[debug] [2022-10-12T16:55:56.476Z] ----------------------------------------------------------------------
[debug] [2022-10-12T16:55:56.476Z] Command:       /usr/local/bin/node /usr/local/bin/firebase init
[debug] [2022-10-12T16:55:56.477Z] CLI Version:   11.14.1
[debug] [2022-10-12T16:55:56.477Z] Platform:      darwin
[debug] [2022-10-12T16:55:56.477Z] Node Version:  v16.13.1
[debug] [2022-10-12T16:55:56.477Z] Time:          Wed Oct 12 2022 16:55:56 GMT+0000 (Greenwich Mean Time)
[debug] [2022-10-12T16:55:56.478Z] ----------------------------------------------------------------------
[debug] 
[debug] [2022-10-12T16:55:56.508Z] > command requires scopes: ["email","openid","https://www.googleapis.com/auth/cloudplatformprojects.readonly","https://www.googleapis.com/auth/firebase","https://www.googleapis.com/auth/cloud-platform"]
[debug] [2022-10-12T16:55:56.508Z] > authorizing via signed-in user (darteyw@gmail.com)
[info] 
     ######## #### ########  ######## ########     ###     ######  ########
     ##        ##  ##     ## ##       ##     ##  ##   ##  ##       ##
     ######    ##  ########  ######   ########  #########  ######  ######
     ##        ##  ##    ##  ##       ##     ## ##     ##       ## ##
     ##       #### ##     ## ######## ########  ##     ##  ######  ########

You're about to initialize a Firebase project in this directory:

  /Users/kwame007/Desktop/React-projects/unicorns-firebase

Before we get started, keep in mind:

  * You are initializing within an existing Firebase project directory

[info] 
=== Project Setup
[info] 
[info] First, let's associate this project directory with a Firebase project.
[info] You can create multiple project aliases by running firebase use --add, 
[info] but for now we'll just set up a default project.
[info] 
[debug] [2022-10-12T16:55:59.535Z] Using project from CLI flag: unicorns-firebase
[debug] [2022-10-12T16:55:59.536Z] >>> [apiv2][query] GET https://firebase.googleapis.com/v1beta1/projects/unicorns-firebase [none]
[debug] [2022-10-12T16:56:00.110Z] <<< [apiv2][status] GET https://firebase.googleapis.com/v1beta1/projects/unicorns-firebase 200
[debug] [2022-10-12T16:56:00.110Z] <<< [apiv2][body] GET https://firebase.googleapis.com/v1beta1/projects/unicorns-firebase {"projectId":"unicorns-firebase","projectNumber":"1081100506962","displayName":"unicorns-firebase","name":"projects/unicorns-firebase","resources":{"hostingSite":"unicorns-firebase","storageBucket":"unicorns-firebase.appspot.com","locationId":"us-central"},"state":"ACTIVE","etag":"1_6ece9b1a-4cca-4d3c-83f5-edea334d4a64"}
[info] i  Using project unicorns-firebase (unicorns-firebase) 
[info] 
=== Hosting Setup
[info] 
[info] Your public directory is the folder (relative to your project directory) that
[info] will contain Hosting assets to be uploaded with firebase deploy. If you
[info] have a build process for your assets, use your build's output directory.
[info] 
